[2022/3/15 ÏÂÎç3:09:33:598] method=GET ÇëÇóurl=/checkStuAchievementOne?classId=1 ÏìÓ¦Ê±¼ä(ºÁÃë)=71.284
[2022/3/15 ÏÂÎç3:09:35:406] method=GET ÇëÇóurl=/checkStuAchievementOne?classId=1 ÏìÓ¦Ê±¼ä(ºÁÃë)=3.605
[2022/3/15 ÏÂÎç3:09:39:347] method=GET ÇëÇóurl=/checkStuAchievementOne?classId=1 ÏìÓ¦Ê±¼ä(ºÁÃë)=4.810
[2022/3/15 ÏÂÎç3:10:11:416] method=GET ÇëÇóurl=/checkStuAchievementOne?classId=1 ÏìÓ¦Ê±¼ä(ºÁÃë)=2.125
[2022/3/15 ÏÂÎç3:11:05:265] method=GET ÇëÇóurl=/checkStuAchievementOne?classId=1 ÏìÓ¦Ê±¼ä(ºÁÃë)=4.011
[2022/3/15 ÏÂÎç3:11:14:439] method=GET ÇëÇóurl=/checkStuAchievementOne?classId=1 ÏìÓ¦Ê±¼ä(ºÁÃë)=148.799
[2022/3/18 ÉÏÎç11:05:04:395] method=POST ÇëÇóurl=/classCreateMemberAbsence?classId=1&studentId=1&time=111&remarks=aaa ÏìÓ¦Ê±¼ä(ºÁÃë)=2075.934
[2022/3/18 ÉÏÎç11:06:41:511] method=POST ÇëÇóurl=/classCreateMemberAbsence?classId=1&studentId=1&time=sada&remarks=aaaad ÏìÓ¦Ê±¼ä(ºÁÃë)=8.183
[2022/3/18 ÉÏÎç11:07:16:593] method=POST ÇëÇóurl=/classCreateMemberAbsence?classId=1&studentId=1&time=sada&remarks=aaaad ÏìÓ¦Ê±¼ä(ºÁÃë)=264.817
[2022/3/18 ÉÏÎç11:09:13:241] method=POST ÇëÇóurl=/classCreateMemberBonus?classId=1&studentId=1&time=11da1&remarks=das ÏìÓ¦Ê±¼ä(ºÁÃë)=219.890
[2022/3/18 ÉÏÎç11:11:44:711] method=POST ÇëÇóurl=/classCreateMemberBonus?classId=1&studentId=1&time=11da1&remarks=das ÏìÓ¦Ê±¼ä(ºÁÃë)=176.498
[2022/3/22 ÏÂÎç2:13:26:851] method=POST ÇëÇóurl=/recodeMeans ÏìÓ¦Ê±¼ä(ºÁÃë)=124.461
[2022/3/22 ÏÂÎç2:13:46:34] method=POST ÇëÇóurl=/recodeMeans ÏìÓ¦Ê±¼ä(ºÁÃë)=180.975
[2022/3/22 ÏÂÎç2:14:15:941] method=POST ÇëÇóurl=/recodeMeans ÏìÓ¦Ê±¼ä(ºÁÃë)=121.276
[2022/5/7 ä¸Šåˆ10:20:18:791] method=GET è¯·æ±‚url=/getopenid?code=0033JWll2oxs694dv0pl21w41V33JWlD å“åº”æ—¶é—´(æ¯«ç§’)=887.150
[2022/5/7 ä¸Šåˆ10:20:19:209] method=GET è¯·æ±‚url=/landing?_vxname=%E8%99%8E%E8%99%8E%E7%94%9F%E5%A8%81&_phone=oPjTP5WkkPTrN5sAaimihkF_Gpds å“åº”æ—¶é—´(æ¯«ç§’)=317.634
[2022/5/7 ä¸Šåˆ10:21:25:669] method=POST è¯·æ±‚url=/binding å“åº”æ—¶é—´(æ¯«ç§’)=-
[2022/5/7 ä¸Šåˆ10:21:30:972] method=POST è¯·æ±‚url=/binding å“åº”æ—¶é—´(æ¯«ç§’)=-
[2022/5/7 ä¸Šåˆ10:24:00:12] method=POST è¯·æ±‚url=/binding å“åº”æ—¶é—´(æ¯«ç§’)=-
[2022/5/7 ä¸Šåˆ10:24:02:760] method=GET è¯·æ±‚url=/getopenid?code=0531ae000jzWMN10cx000dAOvj31ae0i å“åº”æ—¶é—´(æ¯«ç§’)=604.780
[2022/5/7 ä¸Šåˆ10:24:03:758] method=GET è¯·æ±‚url=/landing?_vxname=%E8%99%8E%E8%99%8E%E7%94%9F%E5%A8%81&_phone=oPjTP5WkkPTrN5sAaimihkF_Gpds å“åº”æ—¶é—´(æ¯«ç§’)=964.321
[2022/5/7 ä¸Šåˆ10:24:07:855] method=POST è¯·æ±‚url=/binding å“åº”æ—¶é—´(æ¯«ç§’)=54.345
[2022/5/7 ä¸Šåˆ10:26:52:634] method=POST è¯·æ±‚url=/binding å“åº”æ—¶é—´(æ¯«ç§’)=-
[2022/5/7 ä¸Šåˆ10:31:19:117] method=POST è¯·æ±‚url=/binding å“åº”æ—¶é—´(æ¯«ç§’)=122.554
[2022/5/7 ä¸Šåˆ10:33:13:977] method=POST è¯·æ±‚url=/binding å“åº”æ—¶é—´(æ¯«ç§’)=621.151
[2022/5/7 ä¸Šåˆ10:33:16:50] method=GET è¯·æ±‚url=/getopenid?code=0230tGll25RP794qsCml2iQRff10tGlU å“åº”æ—¶é—´(æ¯«ç§’)=662.121
[2022/5/7 ä¸Šåˆ10:33:16:155] method=GET è¯·æ±‚url=/landing?_vxname=%E8%99%8E%E8%99%8E%E7%94%9F%E5%A8%81&_phone=oPjTP5WkkPTrN5sAaimihkF_Gpds å“åº”æ—¶é—´(æ¯«ç§’)=83.643
[2022/5/7 ä¸Šåˆ10:33:17:347] method=GET è¯·æ±‚url=/allCourse?phone=oPjTP5WkkPTrN5sAaimihkF_Gpds å“åº”æ—¶é—´(æ¯«ç§’)=131.770
[2022/5/7 ä¸Šåˆ10:33:52:488] method=GET è¯·æ±‚url=/allCourse?phone=oPjTP5WkkPTrN5sAaimihkF_Gpds å“åº”æ—¶é—´(æ¯«ç§’)=4.959
[2022/5/7 ä¸Šåˆ10:34:38:909] method=GET è¯·æ±‚url=/allCourse?phone=oPjTP5WkkPTrN5sAaimihkF_Gpds å“åº”æ—¶é—´(æ¯«ç§’)=6.647
[2022/5/7 ä¸Šåˆ10:38:17:832] method=GET è¯·æ±‚url=/allCourse?phone=oPjTP5WkkPTrN5sAaimihkF_Gpds å“åº”æ—¶é—´(æ¯«ç§’)=34.065
[2022/5/7 ä¸Šåˆ10:38:19:228] method=GET è¯·æ±‚url=/allCourse?phone=oPjTP5WkkPTrN5sAaimihkF_Gpds å“åº”æ—¶é—´(æ¯«ç§’)=7.170
[2022/5/7 ä¸Šåˆ10:38:20:363] method=GET è¯·æ±‚url=/allCourse?phone=oPjTP5WkkPTrN5sAaimihkF_Gpds å“åº”æ—¶é—´(æ¯«ç§’)=9.470
[2022/5/7 ä¸Šåˆ10:38:21:853] method=GET è¯·æ±‚url=/allCourse?phone=oPjTP5WkkPTrN5sAaimihkF_Gpds å“åº”æ—¶é—´(æ¯«ç§’)=36.343
[2022/5/7 ä¸Šåˆ10:40:48:794] method=GET è¯·æ±‚url=/allCourse?phone=oPjTP5WkkPTrN5sAaimihkF_Gpds å“åº”æ—¶é—´(æ¯«ç§’)=35.919
[2022/5/7 ä¸Šåˆ10:40:57:276] method=GET è¯·æ±‚url=/createClass?courseId=12&className=111 å“åº”æ—¶é—´(æ¯«ç§’)=137.750
[2022/5/7 ä¸Šåˆ10:41:17:382] method=GET è¯·æ±‚url=/allClass?courseId=12 å“åº”æ—¶é—´(æ¯«ç§’)=54.628
[2022/5/7 ä¸Šåˆ10:41:31:597] method=GET è¯·æ±‚url=/classTask?classId=13 å“åº”æ—¶é—´(æ¯«ç§’)=459.167
[2022/5/7 ä¸Šåˆ10:41:31:667] method=GET è¯·æ±‚url=/classInform?classId=13 å“åº”æ—¶é—´(æ¯«ç§’)=498.423
[2022/5/7 ä¸Šåˆ10:41:31:790] method=GET è¯·æ±‚url=/classMeans?classId=13 å“åº”æ—¶é—´(æ¯«ç§’)=641.246
[2022/5/7 ä¸Šåˆ10:41:51:517] method=GET è¯·æ±‚url=/allClass?courseId=12 å“åº”æ—¶é—´(æ¯«ç§’)=-
[2022/5/7 ä¸Šåˆ10:43:09:384] method=GET è¯·æ±‚url=/allClass?courseId=12 å“åº”æ—¶é—´(æ¯«ç§’)=66.852
[2022/5/7 ä¸Šåˆ10:43:10:59] method=GET è¯·æ±‚url=/allCourse?phone=oPjTP5WkkPTrN5sAaimihkF_Gpds å“åº”æ—¶é—´(æ¯«ç§’)=11.655
[2022/5/7 ä¸Šåˆ10:43:13:454] method=GET è¯·æ±‚url=/checkTeacherCreateTask?phone=oPjTP5WkkPTrN5sAaimihkF_Gpds å“åº”æ—¶é—´(æ¯«ç§’)=7.957
[2022/5/7 ä¸Šåˆ10:43:13:491] method=GET è¯·æ±‚url=/CheckTeacherCreateclass?phone=oPjTP5WkkPTrN5sAaimihkF_Gpds å“åº”æ—¶é—´(æ¯«ç§’)=35.245
[2022/5/7 ä¸Šåˆ10:46:08:662] method=POST è¯·æ±‚url=/teacherCreateTask å“åº”æ—¶é—´(æ¯«ç§’)=2277.269
[2022/5/7 ä¸Šåˆ10:46:09:111] method=GET è¯·æ±‚url=/CheckTeacherCreateclass?phone=oPjTP5WkkPTrN5sAaimihkF_Gpds å“åº”æ—¶é—´(æ¯«ç§’)=376.856
[2022/5/7 ä¸Šåˆ10:46:09:157] method=GET è¯·æ±‚url=/checkTeacherCreateTask?phone=oPjTP5WkkPTrN5sAaimihkF_Gpds å“åº”æ—¶é—´(æ¯«ç§’)=431.541
[2022/5/7 ä¸Šåˆ10:56:52:307] method=GET è¯·æ±‚url=/checkTeacherCreateTask?phone=oPjTP5WkkPTrN5sAaimihkF_Gpds å“åº”æ—¶é—´(æ¯«ç§’)=120.850
[2022/5/7 ä¸Šåˆ10:56:52:325] method=GET è¯·æ±‚url=/CheckTeacherCreateclass?phone=oPjTP5WkkPTrN5sAaimihkF_Gpds å“åº”æ—¶é—´(æ¯«ç§’)=80.283
[2022/5/7 ä¸Šåˆ10:57:21:855] method=GET è¯·æ±‚url=/getopenid?code=0633Q9ll2axi794UY5ml2fQUM433Q9lY å“åº”æ—¶é—´(æ¯«ç§’)=496.354
[2022/5/7 ä¸Šåˆ10:57:22:67] method=GET è¯·æ±‚url=/landing?_vxname=%E8%99%8E%E8%99%8E%E7%94%9F%E5%A8%81&_phone=oPjTP5WkkPTrN5sAaimihkF_Gpds å“åº”æ—¶é—´(æ¯«ç§’)=173.289
[2022/5/7 ä¸Šåˆ10:57:23:432] method=GET è¯·æ±‚url=/getcourselist?tel=oPjTP5WkkPTrN5sAaimihkF_Gpds å“åº”æ—¶é—´(æ¯«ç§’)=34.163
[2022/5/7 ä¸Šåˆ10:59:22:715] method=POST è¯·æ±‚url=/stuaddclass å“åº”æ—¶é—´(æ¯«ç§’)=-
[2022/5/7 ä¸Šåˆ10:59:29:228] method=POST è¯·æ±‚url=/stuaddclass å“åº”æ—¶é—´(æ¯«ç§’)=-
[2022/5/7 ä¸Šåˆ10:59:30:267] method=POST è¯·æ±‚url=/stuaddclass å“åº”æ—¶é—´(æ¯«ç§’)=-
[2022/5/7 ä¸Šåˆ10:59:30:437] method=POST è¯·æ±‚url=/stuaddclass å“åº”æ—¶é—´(æ¯«ç§’)=-
[2022/5/7 ä¸Šåˆ11:00:45:10] method=GET è¯·æ±‚url=/getopenid?code=083OZSkl2qOz7942VIll26RvXm3OZSkW å“åº”æ—¶é—´(æ¯«ç§’)=527.824
[2022/5/7 ä¸Šåˆ11:00:45:203] method=GET è¯·æ±‚url=/landing?_vxname=%E8%99%8E%E8%99%8E%E7%94%9F%E5%A8%81&_phone=oPjTP5WkkPTrN5sAaimihkF_Gpds å“åº”æ—¶é—´(æ¯«ç§’)=174.481
[2022/5/7 ä¸Šåˆ11:02:38:514] method=GET è¯·æ±‚url=/getopenid?code=043wU7Ga1p1c8D0hAHIa1o0R0T1wU7GH å“åº”æ—¶é—´(æ¯«ç§’)=469.973
[2022/5/7 ä¸Šåˆ11:02:38:584] method=GET è¯·æ±‚url=/landing?_vxname=%E8%99%8E%E8%99%8E%E7%94%9F%E5%A8%81&_phone=oPjTP5WkkPTrN5sAaimihkF_Gpds å“åº”æ—¶é—´(æ¯«ç§’)=41.823
[2022/5/8 ä¸‹åˆ4:32:58:159] method=POST è¯·æ±‚url=/binding å“åº”æ—¶é—´(æ¯«ç§’)=3407.021
[2022/5/14 ä¸‹åˆ8:00:59:699] method=POST è¯·æ±‚url=/binding å“åº”æ—¶é—´(æ¯«ç§’)=169.833
[2022/5/14 ä¸‹åˆ8:01:31:43] method=POST è¯·æ±‚url=/binding å“åº”æ—¶é—´(æ¯«ç§’)=415.319
[2022/5/14 ä¸‹åˆ8:01:32:422] method=GET è¯·æ±‚url=/getopenid?code=0432Xfml2ZJ2994o29nl2wBgbR22Xfmd å“åº”æ—¶é—´(æ¯«ç§’)=530.880
[2022/5/14 ä¸‹åˆ8:01:32:511] method=GET è¯·æ±‚url=/landing?_vxname=%E8%99%8E%E8%99%8E%E7%94%9F%E5%A8%81&_phone=oPjTP5WkkPTrN5sAaimihkF_Gpds å“åº”æ—¶é—´(æ¯«ç§’)=19.065
[2022/5/14 ä¸‹åˆ8:01:34:255] method=GET è¯·æ±‚url=/allCourse?phone=oPjTP5WkkPTrN5sAaimihkF_Gpds å“åº”æ—¶é—´(æ¯«ç§’)=4.279
[2022/5/14 ä¸‹åˆ8:01:37:796] method=GET è¯·æ±‚url=/CheckTeacherCreateclass?phone=oPjTP5WkkPTrN5sAaimihkF_Gpds å“åº”æ—¶é—´(æ¯«ç§’)=241.772
[2022/5/14 ä¸‹åˆ8:02:37:546] method=GET è¯·æ±‚url=/checkTeacherCreateTask?phone=oPjTP5WkkPTrN5sAaimihkF_Gpds å“åº”æ—¶é—´(æ¯«ç§’)=-
[2022/5/14 ä¸‹åˆ9:21:05:740] method=GET è¯·æ±‚url=/getopenid?code=013NuGkl2HNsa94icDnl2A7D7F3NuGks å“åº”æ—¶é—´(æ¯«ç§’)=12424.658
[2022/5/14 ä¸‹åˆ9:21:08:890] method=GET è¯·æ±‚url=/landing?_vxname=%E8%99%8E%E8%99%8E%E7%94%9F%E5%A8%81&_phone=oPjTP5WkkPTrN5sAaimihkF_Gpds å“åº”æ—¶é—´(æ¯«ç§’)=3008.608
[2022/5/14 ä¸‹åˆ9:22:42:266] method=POST è¯·æ±‚url=/binding å“åº”æ—¶é—´(æ¯«ç§’)=368.134
[2022/5/14 ä¸‹åˆ9:22:55:748] method=POST è¯·æ±‚url=/binding å“åº”æ—¶é—´(æ¯«ç§’)=1004.353
[2022/5/14 ä¸‹åˆ9:22:57:72] method=GET è¯·æ±‚url=/getopenid?code=083Gda1000GJON1lfm300769du4Gda1X å“åº”æ—¶é—´(æ¯«ç§’)=561.457
[2022/5/14 ä¸‹åˆ9:22:57:96] method=GET è¯·æ±‚url=/landing?_vxname=%E8%99%8E%E8%99%8E%E7%94%9F%E5%A8%81&_phone=oPjTP5WkkPTrN5sAaimihkF_Gpds å“åº”æ—¶é—´(æ¯«ç§’)=6.485
[2022/5/14 ä¸‹åˆ9:23:00:477] method=GET è¯·æ±‚url=/CheckTeacherCreateclass?phone=oPjTP5WkkPTrN5sAaimihkF_Gpds å“åº”æ—¶é—´(æ¯«ç§’)=375.857
[2022/5/14 ä¸‹åˆ9:23:00:773] method=GET è¯·æ±‚url=/checkTeacherCreateTask?phone=oPjTP5WkkPTrN5sAaimihkF_Gpds å“åº”æ—¶é—´(æ¯«ç§’)=683.783
[2022/5/14 ä¸‹åˆ9:27:44:387] method=GET è¯·æ±‚url=/getopenid?code=033K0fll2BA0a94lcYml2B4ANj1K0flY å“åº”æ—¶é—´(æ¯«ç§’)=664.231
[2022/5/14 ä¸‹åˆ9:27:45:427] method=GET è¯·æ±‚url=/landing?_vxname=%E8%99%8E%E8%99%8E%E7%94%9F%E5%A8%81&_phone=oPjTP5WkkPTrN5sAaimihkF_Gpds å“åº”æ—¶é—´(æ¯«ç§’)=121.707
[2022/5/14 ä¸‹åˆ9:27:47:577] method=GET è¯·æ±‚url=/getopenid?code=023Zva100eTPON15a91004uyNl3Zva18 å“åº”æ—¶é—´(æ¯«ç§’)=530.541
[2022/5/14 ä¸‹åˆ9:27:48:573] method=GET è¯·æ±‚url=/landing?_vxname=%E8%99%8E%E8%99%8E%E7%94%9F%E5%A8%81&_phone=oPjTP5WkkPTrN5sAaimihkF_Gpds å“åº”æ—¶é—´(æ¯«ç§’)=268.953
[2022/5/14 ä¸‹åˆ9:30:58:799] method=GET è¯·æ±‚url=/getopenid?code=0530dfll2it0a94G6pml2ZuZlo10dflt å“åº”æ—¶é—´(æ¯«ç§’)=536.499
[2022/5/14 ä¸‹åˆ9:30:58:906] method=GET è¯·æ±‚url=/landing?_vxname=%E8%99%8E%E8%99%8E%E7%94%9F%E5%A8%81&_phone=oPjTP5WkkPTrN5sAaimihkF_Gpds å“åº”æ—¶é—´(æ¯«ç§’)=90.843
[2022/5/14 ä¸‹åˆ9:31:00:85] method=GET è¯·æ±‚url=/getopenid?code=0239jNll2ins9942PWnl280oYc19jNlA å“åº”æ—¶é—´(æ¯«ç§’)=567.424
[2022/5/14 ä¸‹åˆ9:31:00:227] method=GET è¯·æ±‚url=/landing?_vxname=%E8%99%8E%E8%99%8E%E7%94%9F%E5%A8%81&_phone=oPjTP5WkkPTrN5sAaimihkF_Gpds å“åº”æ—¶é—´(æ¯«ç§’)=30.130
[2022/5/14 ä¸‹åˆ9:31:04:232] method=GET è¯·æ±‚url=/checkTeacherCreateTask?phone=oPjTP5WkkPTrN5sAaimihkF_Gpds å“åº”æ—¶é—´(æ¯«ç§’)=571.117
[2022/5/14 ä¸‹åˆ9:31:04:341] method=GET è¯·æ±‚url=/CheckTeacherCreateclass?phone=oPjTP5WkkPTrN5sAaimihkF_Gpds å“åº”æ—¶é—´(æ¯«ç§’)=642.689
[2022/5/17 ä¸‹åˆ12:28:07:303] method=POST è¯·æ±‚url=/teacherCreateTask å“åº”æ—¶é—´(æ¯«ç§’)=77.554
[2022/5/17 ä¸‹åˆ12:28:49:72] method=POST è¯·æ±‚url=/teacherCreateTask å“åº”æ—¶é—´(æ¯«ç§’)=2.634
[2022/5/17 ä¸‹åˆ12:29:10:228] method=POST è¯·æ±‚url=/teacherCreateTask å“åº”æ—¶é—´(æ¯«ç§’)=1.381
[2022/5/17 ä¸‹åˆ12:29:44:379] method=POST è¯·æ±‚url=/teacherCreateTask å“åº”æ—¶é—´(æ¯«ç§’)=969.157
[2022/5/17 ä¸‹åˆ12:31:16:143] method=POST è¯·æ±‚url=/teacherCreateTask å“åº”æ—¶é—´(æ¯«ç§’)=-
[2022/5/17 ä¸‹åˆ12:32:15:344] method=POST è¯·æ±‚url=/teacherCreateTask å“åº”æ—¶é—´(æ¯«ç§’)=45.863
[2022/5/17 ä¸‹åˆ12:34:11:791] method=POST è¯·æ±‚url=/teacherCreateTask å“åº”æ—¶é—´(æ¯«ç§’)=-
[2022/5/17 ä¸‹åˆ12:36:16:635] method=POST è¯·æ±‚url=/teacherCreateTask å“åº”æ—¶é—´(æ¯«ç§’)=-
[2022/5/17 ä¸‹åˆ12:38:26:114] method=POST è¯·æ±‚url=/teacherCreateTask å“åº”æ—¶é—´(æ¯«ç§’)=-
[2022/5/17 ä¸‹åˆ12:39:51:17] method=POST è¯·æ±‚url=/teacherCreateTask å“åº”æ—¶é—´(æ¯«ç§’)=-
[2022/5/17 ä¸‹åˆ12:40:31:694] method=POST è¯·æ±‚url=/teacherCreateTask å“åº”æ—¶é—´(æ¯«ç§’)=116.520
[2022/5/17 ä¸‹åˆ12:40:41:628] method=POST è¯·æ±‚url=/teacherCreateTask å“åº”æ—¶é—´(æ¯«ç§’)=-
[2022/5/17 ä¸‹åˆ12:41:58:230] method=POST è¯·æ±‚url=/teacherCreateTask å“åº”æ—¶é—´(æ¯«ç§’)=-
[2022/5/17 ä¸‹åˆ12:42:57:796] method=POST è¯·æ±‚url=/teacherCreateTask å“åº”æ—¶é—´(æ¯«ç§’)=-
[2022/5/17 ä¸‹åˆ12:43:36:703] method=POST è¯·æ±‚url=/teacherCreateTask å“åº”æ—¶é—´(æ¯«ç§’)=-
[2022/5/17 ä¸‹åˆ12:44:40:337] method=POST è¯·æ±‚url=/teacherCreateTask å“åº”æ—¶é—´(æ¯«ç§’)=-
[2022/5/17 ä¸‹åˆ12:45:01:468] method=POST è¯·æ±‚url=/teacherCreateTask å“åº”æ—¶é—´(æ¯«ç§’)=-
[2022/5/17 ä¸‹åˆ12:46:17:901] method=POST è¯·æ±‚url=/teacherCreateTask å“åº”æ—¶é—´(æ¯«ç§’)=-
[2022/5/17 ä¸‹åˆ12:47:26:69] method=POST è¯·æ±‚url=/teacherCreateTask å“åº”æ—¶é—´(æ¯«ç§’)=-
[2022/5/17 ä¸‹åˆ12:48:13:87] method=POST è¯·æ±‚url=/teacherCreateTask å“åº”æ—¶é—´(æ¯«ç§’)=-
[2022/5/17 ä¸‹åˆ12:50:07:327] method=POST è¯·æ±‚url=/teacherCreateTask å“åº”æ—¶é—´(æ¯«ç§’)=-
[2022/5/17 ä¸‹åˆ12:51:13:201] method=POST è¯·æ±‚url=/teacherCreateTask å“åº”æ—¶é—´(æ¯«ç§’)=-
[2022/5/17 ä¸‹åˆ12:53:12:211] method=POST è¯·æ±‚url=/teacherCreateTask å“åº”æ—¶é—´(æ¯«ç§’)=-
[2022/5/17 ä¸‹åˆ12:53:36:58] method=POST è¯·æ±‚url=/teacherCreateTask å“åº”æ—¶é—´(æ¯«ç§’)=-
[2022/5/17 ä¸‹åˆ12:54:24:375] method=POST è¯·æ±‚url=/teacherCreateTask å“åº”æ—¶é—´(æ¯«ç§’)=-
[2022/5/17 ä¸‹åˆ12:57:03:321] method=POST è¯·æ±‚url=/teacherCreateTask å“åº”æ—¶é—´(æ¯«ç§’)=-
[2022/5/17 ä¸‹åˆ1:01:40:504] method=POST è¯·æ±‚url=/teacherCreateTask å“åº”æ—¶é—´(æ¯«ç§’)=-
[2022/5/17 ä¸‹åˆ1:03:13:301] method=POST è¯·æ±‚url=/teacherCreateTask å“åº”æ—¶é—´(æ¯«ç§’)=-
[2022/5/17 ä¸‹åˆ1:05:24:598] method=POST è¯·æ±‚url=/teacherCreateTask å“åº”æ—¶é—´(æ¯«ç§’)=854.048
[2022/5/17 ä¸‹åˆ1:06:19:975] method=POST è¯·æ±‚url=/teacherCreateTask å“åº”æ—¶é—´(æ¯«ç§’)=-
[2022/5/17 ä¸‹åˆ1:06:51:742] method=POST è¯·æ±‚url=/teacherCreateTask å“åº”æ—¶é—´(æ¯«ç§’)=81.109
[2022/5/17 ä¸‹åˆ1:07:11:70] method=POST è¯·æ±‚url=/teacherCreateTask å“åº”æ—¶é—´(æ¯«ç§’)=-
[2022/5/17 ä¸‹åˆ1:08:13:74] method=POST è¯·æ±‚url=/teacherCreateTask å“åº”æ—¶é—´(æ¯«ç§’)=-
[2022/5/17 ä¸‹åˆ1:08:38:88] method=POST è¯·æ±‚url=/teacherCreateTask å“åº”æ—¶é—´(æ¯«ç§’)=317.195
[2022/5/17 ä¸‹åˆ1:11:04:3] method=POST è¯·æ±‚url=/teacherCreateTask å“åº”æ—¶é—´(æ¯«ç§’)=-
[2022/5/17 ä¸‹åˆ1:11:53:184] method=POST è¯·æ±‚url=/teacherCreateTask å“åº”æ—¶é—´(æ¯«ç§’)=-
[2022/5/17 ä¸‹åˆ1:12:19:285] method=POST è¯·æ±‚url=/teacherCreateTask å“åº”æ—¶é—´(æ¯«ç§’)=-
[2022/5/17 ä¸‹åˆ1:12:46:472] method=POST è¯·æ±‚url=/teacherCreateTask å“åº”æ—¶é—´(æ¯«ç§’)=-
[2022/5/17 ä¸‹åˆ1:13:12:297] method=POST è¯·æ±‚url=/teacherCreateTask å“åº”æ—¶é—´(æ¯«ç§’)=-
[2022/5/17 ä¸‹åˆ1:14:12:511] method=POST è¯·æ±‚url=/teacherCreateTask å“åº”æ—¶é—´(æ¯«ç§’)=350.924
[2022/5/17 ä¸‹åˆ1:14:33:154] method=POST è¯·æ±‚url=/teacherCreateTask å“åº”æ—¶é—´(æ¯«ç§’)=336.935
[2022/5/17 ä¸‹åˆ1:15:23:445] method=POST è¯·æ±‚url=/teacherCreateTask å“åº”æ—¶é—´(æ¯«ç§’)=-
[2022/5/17 ä¸‹åˆ1:38:23:140] method=POST è¯·æ±‚url=/teacherCreateTask å“åº”æ—¶é—´(æ¯«ç§’)=287.723
[2022/5/17 ä¸‹åˆ1:39:32:239] method=POST è¯·æ±‚url=/teacherCreateTask å“åº”æ—¶é—´(æ¯«ç§’)=326.871
[2022/5/17 ä¸‹åˆ1:41:49:352] method=POST è¯·æ±‚url=/teacherCreateTask å“åº”æ—¶é—´(æ¯«ç§’)=288.620
[2022/5/17 ä¸‹åˆ1:42:39:449] method=POST è¯·æ±‚url=/teacherCreateTask å“åº”æ—¶é—´(æ¯«ç§’)=98.369
[2022/5/17 ä¸‹åˆ1:42:42:859] method=POST è¯·æ±‚url=/teacherCreateTask å“åº”æ—¶é—´(æ¯«ç§’)=236.147
[2022/5/17 ä¸‹åˆ1:43:38:751] method=POST è¯·æ±‚url=/teacherCreateTask å“åº”æ—¶é—´(æ¯«ç§’)=272.246
[2022/5/17 ä¸‹åˆ1:44:14:398] method=POST è¯·æ±‚url=/teacherCreateTask å“åº”æ—¶é—´(æ¯«ç§’)=140.408
[2022/5/17 ä¸‹åˆ1:50:14:18] method=GET è¯·æ±‚url=/teacherCheckTaskContent?taskId=13213171 å“åº”æ—¶é—´(æ¯«ç§’)=70.818
[2022/5/17 ä¸‹åˆ1:51:11:402] method=GET è¯·æ±‚url=/teacherCheckTaskContent?taskId=13213171299 å“åº”æ—¶é—´(æ¯«ç§’)=8.101
[2022/5/17 ä¸‹åˆ1:51:25:920] method=GET è¯·æ±‚url=/teacherCheckTaskContent?taskId=299 å“åº”æ—¶é—´(æ¯«ç§’)=-
[2022/5/17 ä¸‹åˆ1:52:26:411] method=GET è¯·æ±‚url=/teacherCheckTaskContent?taskId=299 å“åº”æ—¶é—´(æ¯«ç§’)=-
[2022/5/17 ä¸‹åˆ1:53:06:313] method=GET è¯·æ±‚url=/teacherCheckTaskContent?taskId=299 å“åº”æ—¶é—´(æ¯«ç§’)=-
[2022/5/17 ä¸‹åˆ1:53:39:273] method=GET è¯·æ±‚url=/teacherCheckTaskContent?taskId=299 å“åº”æ—¶é—´(æ¯«ç§’)=89.153
